Determining if the pthread_create exist failed with the following output:
Change Dir: /afs/cern.ch/work/d/diboye/diallo_new/build/CMakeFiles/CMakeTmp

Run Build Command:"/usr/bin/gmake" "cmTC_b5413/fast"
/usr/bin/gmake -f CMakeFiles/cmTC_b5413.dir/build.make CMakeFiles/cmTC_b5413.dir/build
gmake[1]: Entering directory `/afs/cern.ch/work/d/diboye/diallo_new/build/CMakeFiles/CMakeTmp'
Building C object CMakeFiles/cmTC_b5413.dir/CheckSymbolExists.c.o
/cvmfs/sft.cern.ch/lcg/releases/gcc/6.2.0-2bc78/x86_64-slc6-gcc62-opt/bin/gcc    -o CMakeFiles/cmTC_b5413.dir/CheckSymbolExists.c.o   -c /afs/cern.ch/work/d/diboye/diallo_new/build/CMakeFiles/CMakeTmp/CheckSymbolExists.c
Linking C executable cmTC_b5413
/cvmfs/atlas.cern.ch/repo/ATLASLocalRootBase/x86_64/Cmake/3.11.0/Linux-x86_64/bin/cmake -E cmake_link_script CMakeFiles/cmTC_b5413.dir/link.txt --verbose=1
/cvmfs/sft.cern.ch/lcg/releases/gcc/6.2.0-2bc78/x86_64-slc6-gcc62-opt/bin/gcc     -Wl,--as-needed -Wl,--hash-style=both  -rdynamic CMakeFiles/cmTC_b5413.dir/CheckSymbolExists.c.o  -o cmTC_b5413 
CMakeFiles/cmTC_b5413.dir/CheckSymbolExists.c.o: In function `main':
CheckSymbolExists.c:(.text+0x16): undefined reference to `pthread_create'
collect2: error: ld returned 1 exit status
gmake[1]: *** [cmTC_b5413] Error 1
gmake[1]: Leaving directory `/afs/cern.ch/work/d/diboye/diallo_new/build/CMakeFiles/CMakeTmp'
gmake: *** [cmTC_b5413/fast] Error 2

File /afs/cern.ch/work/d/diboye/diallo_new/build/CMakeFiles/CMakeTmp/CheckSymbolExists.c:
/* */
#include <pthread.h>

int main(int argc, char** argv)
{
  (void)argv;
#ifndef pthread_create
  return ((int*)(&pthread_create))[argc];
#else
  (void)argc;
  return 0;
#endif
}

